[2022-05-21T12:59:25.954Z] Validating found git in: git
[2022-05-21T12:59:25.975Z] Using git 2.25.1 from git
[2022-05-21T12:59:25.982Z] > git rev-parse --show-toplevel [2ms]
[2022-05-21T12:59:25.993Z] > git rev-parse --git-dir --git-common-dir [3ms]
[2022-05-21T12:59:25.996Z] Open repository: /home/jay/Documents/wise/Notes/Notes
[2022-05-21T12:59:26.006Z] > git status -z -uall [4ms]
[2022-05-21T12:59:26.012Z] > git symbolic-ref --short HEAD [1ms]
[2022-05-21T12:59:26.018Z] > git for-each-ref --format=%(refname)%00%(upstream:short)%00%(objectname)%00%(upstream:track)%00%(upstream:remotename)%00%(upstream:remoteref) refs/heads/master refs/remotes/master [2ms]
[2022-05-21T12:59:26.029Z] > git remote --verbose [1ms]
[2022-05-21T12:59:26.029Z] > git for-each-ref --sort -committerdate --format %(refname) %(objectname) %(*objectname) [6ms]
[2022-05-21T12:59:26.039Z] > git config --get commit.template [1ms]
[2022-05-21T12:59:26.535Z] > git check-ignore -v -z --stdin [3ms]
[2022-05-21T12:59:34.978Z] > git show --textconv :vault/daily.journal.2022.05.21.md [11ms]
[2022-05-21T12:59:34.978Z] > git ls-files --stage -- /home/jay/Documents/wise/Notes/Notes/vault/daily.journal.2022.05.21.md [4ms]
[2022-05-21T12:59:35.410Z] > git check-ignore -v -z --stdin [5ms]
[2022-05-21T12:59:35.685Z] > git status -z -uall [5ms]
[2022-05-21T12:59:35.703Z] > git symbolic-ref --short HEAD [4ms]
[2022-05-21T12:59:35.721Z] > git for-each-ref --format=%(refname)%00%(upstream:short)%00%(objectname)%00%(upstream:track)%00%(upstream:remotename)%00%(upstream:remoteref) refs/heads/master refs/remotes/master [4ms]
[2022-05-21T12:59:35.752Z] > git for-each-ref --sort -committerdate --format %(refname) %(objectname) %(*objectname) [17ms]
[2022-05-21T12:59:35.753Z] > git remote --verbose [4ms]
[2022-05-21T12:59:35.774Z] > git config --get commit.template [1ms]
[2022-05-21T12:59:59.683Z] > git status -z -uall [5ms]
[2022-05-21T12:59:59.701Z] > git symbolic-ref --short HEAD [3ms]
[2022-05-21T12:59:59.719Z] > git for-each-ref --format=%(refname)%00%(upstream:short)%00%(objectname)%00%(upstream:track)%00%(upstream:remotename)%00%(upstream:remoteref) refs/heads/master refs/remotes/master [4ms]
[2022-05-21T12:59:59.746Z] > git for-each-ref --sort -committerdate --format %(refname) %(objectname) %(*objectname) [14ms]
[2022-05-21T12:59:59.748Z] > git remote --verbose [4ms]
[2022-05-21T12:59:59.770Z] > git config --get commit.template [2ms]
