[2022-05-23T18:49:18.726Z] Validating found git in: git
[2022-05-23T18:49:18.752Z] Using git 2.25.1 from git
[2022-05-23T18:49:18.830Z] > git rev-parse --show-toplevel [71ms]
[2022-05-23T18:49:18.838Z] > git rev-parse --git-dir --git-common-dir [2ms]
[2022-05-23T18:49:18.844Z] Open repository: /home/jay/Documents/wise/Notes/Notes
[2022-05-23T18:49:18.871Z] > git status -z -uall [21ms]
[2022-05-23T18:49:18.899Z] > git symbolic-ref --short HEAD [19ms]
[2022-05-23T18:49:18.921Z] > git for-each-ref --format=%(refname)%00%(upstream:short)%00%(objectname)%00%(upstream:track)%00%(upstream:remotename)%00%(upstream:remoteref) refs/heads/master refs/remotes/master [18ms]
[2022-05-23T18:49:18.934Z] > git remote --verbose [2ms]
[2022-05-23T18:49:18.935Z] > git for-each-ref --sort -committerdate --format %(refname) %(objectname) %(*objectname) [10ms]
[2022-05-23T18:49:19.000Z] > git config --get commit.template [56ms]
[2022-05-23T18:49:19.224Z] > git show --textconv :vault/daily.journal.2022.05.21.md [6ms]
[2022-05-23T18:49:19.225Z] > git ls-files --stage -- /home/jay/Documents/wise/Notes/Notes/vault/daily.journal.2022.05.21.md [1ms]
[2022-05-23T18:49:19.424Z] > git check-ignore -v -z --stdin [1ms]
[2022-05-23T18:49:20.912Z] > git status -z -uall [8ms]
[2022-05-23T18:49:20.931Z] > git symbolic-ref --short HEAD [3ms]
[2022-05-23T18:49:20.951Z] > git for-each-ref --format=%(refname)%00%(upstream:short)%00%(objectname)%00%(upstream:track)%00%(upstream:remotename)%00%(upstream:remoteref) refs/heads/master refs/remotes/master [4ms]
[2022-05-23T18:49:20.975Z] > git for-each-ref --sort -committerdate --format %(refname) %(objectname) %(*objectname) [13ms]
[2022-05-23T18:49:20.976Z] > git remote --verbose [3ms]
[2022-05-23T18:49:20.995Z] > git config --get commit.template [2ms]
[2022-05-23T18:49:27.442Z] > git show --textconv :vault/daily.journal.2022.05.23.md [8ms]
[2022-05-23T18:49:27.444Z] > git ls-files --stage -- /home/jay/Documents/wise/Notes/Notes/vault/daily.journal.2022.05.23.md [3ms]
[2022-05-23T18:49:27.766Z] > git check-ignore -v -z --stdin [3ms]
[2022-05-23T18:49:28.250Z] > git status -z -uall [2ms]
[2022-05-23T18:49:28.257Z] > git symbolic-ref --short HEAD [1ms]
[2022-05-23T18:49:28.267Z] > git for-each-ref --format=%(refname)%00%(upstream:short)%00%(objectname)%00%(upstream:track)%00%(upstream:remotename)%00%(upstream:remoteref) refs/heads/master refs/remotes/master [1ms]
[2022-05-23T18:49:28.281Z] > git for-each-ref --sort -committerdate --format %(refname) %(objectname) %(*objectname) [8ms]
[2022-05-23T18:49:28.281Z] > git remote --verbose [0ms]
[2022-05-23T18:49:28.295Z] > git config --get commit.template [6ms]
[2022-05-23T18:49:50.836Z] > git status -z -uall [5ms]
[2022-05-23T18:49:50.854Z] > git symbolic-ref --short HEAD [3ms]
[2022-05-23T18:49:50.872Z] > git for-each-ref --format=%(refname)%00%(upstream:short)%00%(objectname)%00%(upstream:track)%00%(upstream:remotename)%00%(upstream:remoteref) refs/heads/master refs/remotes/master [4ms]
[2022-05-23T18:49:50.903Z] > git for-each-ref --sort -committerdate --format %(refname) %(objectname) %(*objectname) [15ms]
[2022-05-23T18:49:50.905Z] > git remote --verbose [4ms]
[2022-05-23T18:49:50.921Z] > git config --get commit.template [2ms]
[2022-05-23T18:56:07.615Z] > git show --textconv :vault/daily.journal.2022.05.21.md [5ms]
[2022-05-23T18:56:07.616Z] > git ls-files --stage -- /home/jay/Documents/wise/Notes/Notes/vault/daily.journal.2022.05.21.md [1ms]
