[2022-05-24T08:31:07.048Z] Validating found git in: git
[2022-05-24T08:31:07.087Z] Using git 2.25.1 from git
[2022-05-24T08:31:07.145Z] > git rev-parse --show-toplevel [53ms]
[2022-05-24T08:31:07.152Z] > git rev-parse --git-dir --git-common-dir [1ms]
[2022-05-24T08:31:07.156Z] Open repository: /home/jay/Documents/wise/Notes/Notes
[2022-05-24T08:31:07.165Z] > git status -z -uall [3ms]
[2022-05-24T08:31:07.172Z] > git symbolic-ref --short HEAD [1ms]
[2022-05-24T08:31:07.209Z] > git for-each-ref --format=%(refname)%00%(upstream:short)%00%(objectname)%00%(upstream:track)%00%(upstream:remotename)%00%(upstream:remoteref) refs/heads/master refs/remotes/master [32ms]
[2022-05-24T08:31:07.220Z] > git remote --verbose [3ms]
[2022-05-24T08:31:07.220Z] > git for-each-ref --sort -committerdate --format %(refname) %(objectname) %(*objectname) [7ms]
[2022-05-24T08:31:07.230Z] > git config --get commit.template [1ms]
[2022-05-24T08:31:07.514Z] > git show --textconv :vault/daily.journal.2022.05.21.md [4ms]
[2022-05-24T08:31:07.515Z] > git ls-files --stage -- /home/jay/Documents/wise/Notes/Notes/vault/daily.journal.2022.05.21.md [1ms]
[2022-05-24T08:31:07.711Z] > git check-ignore -v -z --stdin [1ms]
[2022-05-24T08:31:09.036Z] > git status -z -uall [2ms]
[2022-05-24T08:31:09.041Z] > git symbolic-ref --short HEAD [0ms]
[2022-05-24T08:31:09.047Z] > git for-each-ref --format=%(refname)%00%(upstream:short)%00%(objectname)%00%(upstream:track)%00%(upstream:remotename)%00%(upstream:remoteref) refs/heads/master refs/remotes/master [1ms]
[2022-05-24T08:31:09.060Z] > git for-each-ref --sort -committerdate --format %(refname) %(objectname) %(*objectname) [8ms]
[2022-05-24T08:31:09.060Z] > git remote --verbose [2ms]
[2022-05-24T08:31:09.073Z] > git config --get commit.template [3ms]
[2022-05-24T08:31:09.493Z] > git show --textconv :vault/daily.journal.2022.05.24.md [17ms]
[2022-05-24T08:31:09.496Z] > git ls-files --stage -- /home/jay/Documents/wise/Notes/Notes/vault/daily.journal.2022.05.24.md [5ms]
[2022-05-24T08:31:09.788Z] > git check-ignore -v -z --stdin [1ms]
[2022-05-24T08:31:14.080Z] > git status -z -uall [2ms]
[2022-05-24T08:31:14.085Z] > git symbolic-ref --short HEAD [1ms]
[2022-05-24T08:31:14.089Z] > git for-each-ref --format=%(refname)%00%(upstream:short)%00%(objectname)%00%(upstream:track)%00%(upstream:remotename)%00%(upstream:remoteref) refs/heads/master refs/remotes/master [0ms]
[2022-05-24T08:31:14.097Z] > git for-each-ref --sort -committerdate --format %(refname) %(objectname) %(*objectname) [4ms]
[2022-05-24T08:31:14.097Z] > git remote --verbose [0ms]
[2022-05-24T08:31:14.105Z] > git config --get commit.template [1ms]
[2022-05-24T08:32:03.791Z] > git status -z -uall [2ms]
[2022-05-24T08:32:03.796Z] > git symbolic-ref --short HEAD [1ms]
[2022-05-24T08:32:03.801Z] > git for-each-ref --format=%(refname)%00%(upstream:short)%00%(objectname)%00%(upstream:track)%00%(upstream:remotename)%00%(upstream:remoteref) refs/heads/master refs/remotes/master [1ms]
[2022-05-24T08:32:03.810Z] > git for-each-ref --sort -committerdate --format %(refname) %(objectname) %(*objectname) [5ms]
[2022-05-24T08:32:03.811Z] > git remote --verbose [2ms]
[2022-05-24T08:32:03.820Z] > git config --get commit.template [1ms]
[2022-05-24T08:32:04.212Z] > git show --textconv :vault/daily.journal.2022.05.21.md [18ms]
[2022-05-24T08:32:04.214Z] > git ls-files --stage -- /home/jay/Documents/wise/Notes/Notes/vault/daily.journal.2022.05.21.md [3ms]
[2022-05-24T08:32:06.072Z] > git show --textconv :vault/daily.journal.2022.05.23.md [16ms]
[2022-05-24T08:32:06.074Z] > git ls-files --stage -- /home/jay/Documents/wise/Notes/Notes/vault/daily.journal.2022.05.23.md [4ms]
