[2022-05-18 21:32:04.806] [exthost] [info] Extension host with pid 13792 started
[2022-05-18 21:32:04.865] [exthost] [info] ExtensionService#_doActivateExtension vscode.microsoft-authentication, startup: false, activationEvent: 'onAuthenticationRequest:microsoft'
[2022-05-18 21:32:04.918] [exthost] [info] ExtensionService#_doActivateExtension vscode.debug-auto-launch, startup: true, activationEvent: '*'
[2022-05-18 21:32:04.921] [exthost] [info] ExtensionService#_doActivateExtension vscode.git-base, startup: true, activationEvent: '*', root cause: vscode.git
[2022-05-18 21:32:04.925] [exthost] [info] ExtensionService#_doActivateExtension vscode.ipynb, startup: true, activationEvent: '*'
[2022-05-18 21:32:04.960] [exthost] [info] ExtensionService#_doActivateExtension vscode.git, startup: true, activationEvent: '*'
[2022-05-18 21:32:05.017] [exthost] [info] ExtensionService#_doActivateExtension vscode.github, startup: true, activationEvent: '*'
[2022-05-18 21:32:05.075] [exthost] [info] Eager extensions activated
[2022-05-18 21:32:05.076] [exthost] [info] ExtensionService#_doActivateExtension vscode.github-authentication, startup: false, activationEvent: 'onAuthenticationRequest:github'
[2022-05-18 21:32:05.125] [exthost] [info] ExtensionService#_doActivateExtension vscode.emmet, startup: false, activationEvent: 'onStartupFinished'
[2022-05-18 21:32:05.139] [exthost] [info] ExtensionService#_doActivateExtension vscode.merge-conflict, startup: false, activationEvent: 'onStartupFinished'
[2022-05-18 21:32:24.426] [exthost] [info] ExtensionService#_doActivateExtension dendron.dendron, startup: false, activationEvent: '*'
[2022-05-18 21:32:31.577] [exthost] [info] ExtensionService#_doActivateExtension vscode.configuration-editing, startup: false, activationEvent: 'onLanguage:jsonc'
[2022-05-18 21:32:31.581] [exthost] [info] ExtensionService#_doActivateExtension vscode.json-language-features, startup: false, activationEvent: 'onLanguage:jsonc'
[2022-05-18 21:32:31.631] [exthost] [info] ExtensionService#_doActivateExtension vscode.typescript-language-features, startup: false, activationEvent: 'onLanguage:jsonc'
[2022-05-18 21:33:11.914] [exthost] [info] ExtensionService#_doActivateExtension vscodevim.vim, startup: false, activationEvent: '*'
[2022-05-18 21:33:42.128] [exthost] [info] ExtensionService#_doActivateExtension ms-toolsai.jupyter, startup: false, activationEvent: 'onWalkthrough:jupyterWelcome'
[2022-05-18 21:33:42.828] [exthost] [info] ExtensionService#_doActivateExtension ms-toolsai.jupyter-renderers, startup: false, activationEvent: 'api', root cause: ms-toolsai.jupyter
[2022-05-18 21:36:31.333] [exthost] [info] Extension host terminating: renderer closed the socket
[2022-05-18 21:36:31.344] [exthost] [error] An error occurred when deactivating the extension 'dendron.dendron':
[2022-05-18 21:36:31.386] [exthost] [error] DendronError: no native workspace
    at Dn.getWorkspaceImplOrThrow (/home/jay/.vscode/extensions/dendron.dendron-0.95.1/dist/extension.js:8:2981135)
    at kn (/home/jay/.vscode/extensions/dendron.dendron-0.95.1/dist/extension.js:8:2977998)
    at Object.ma (/home/jay/.vscode/extensions/dendron.dendron-0.95.1/dist/extension.js:8:3225049)
    at Module.v (/home/jay/.vscode/extensions/dendron.dendron-0.95.1/dist/extension.js:8:3246230)
    at m._deactivate (/usr/share/code/resources/app/out/vs/workbench/api/node/extensionHostProcess.js:88:13083)
    at /usr/share/code/resources/app/out/vs/workbench/api/node/extensionHostProcess.js:88:10642
    at Array.map (<anonymous>)
    at m._deactivateAll (/usr/share/code/resources/app/out/vs/workbench/api/node/extensionHostProcess.js:88:10630)
    at m.terminate (/usr/share/code/resources/app/out/vs/workbench/api/node/extensionHostProcess.js:88:11010)
    at m.terminate (/usr/share/code/resources/app/out/vs/workbench/api/node/extensionHostProcess.js:92:620)
    at l (/usr/share/code/resources/app/out/vs/workbench/api/node/extensionHostProcess.js:102:36401)
    at Socket.<anonymous> (/usr/share/code/resources/app/out/vs/workbench/api/node/extensionHostProcess.js:102:34097)
    at Socket.emit (node:events:402:35)
    at Socket.emit (node:domain:475:12)
    at Pipe.<anonymous> (node:net:687:12)
[2022-05-18 21:36:31.394] [exthost] [error] Error: ENOENT: no such file or directory, open '/home/jay/.config/Code/User/globalStorage/vscodevim.vim/.registers'
[2022-05-18 21:36:31.394] [exthost] [info] Extension host with pid 13792 exiting with code 0
