[2022-05-24 10:31:06.312] [exthost] [info] Extension host with pid 8886 started
[2022-05-24 10:31:06.312] [exthost] [info] Skipping acquiring lock for /home/jay/.config/Code/User/workspaceStorage/ad28bfd386a93927997a5adb466972d3.
[2022-05-24 10:31:06.409] [exthost] [info] ExtensionService#_doActivateExtension vscode.extension-editing, startup: false, activationEvent: 'onLanguage:markdown'
[2022-05-24 10:31:06.414] [exthost] [info] ExtensionService#_doActivateExtension vscode.markdown-language-features, startup: false, activationEvent: 'onLanguage:markdown'
[2022-05-24 10:31:06.444] [exthost] [info] ExtensionService#_doActivateExtension vscode.microsoft-authentication, startup: false, activationEvent: 'onAuthenticationRequest:microsoft'
[2022-05-24 10:31:06.457] [exthost] [info] ExtensionService#_doActivateExtension vscode.debug-auto-launch, startup: true, activationEvent: '*'
[2022-05-24 10:31:06.460] [exthost] [info] ExtensionService#_doActivateExtension vscode.git-base, startup: true, activationEvent: '*', root cause: vscode.git
[2022-05-24 10:31:06.462] [exthost] [info] ExtensionService#_doActivateExtension vscode.ipynb, startup: true, activationEvent: '*'
[2022-05-24 10:31:06.466] [exthost] [info] ExtensionService#_doActivateExtension dendron.dendron, startup: true, activationEvent: '*'
[2022-05-24 10:31:06.874] [exthost] [info] ExtensionService#_doActivateExtension vscodevim.vim, startup: true, activationEvent: '*'
[2022-05-24 10:31:07.002] [exthost] [info] ExtensionService#_doActivateExtension vscode.git, startup: true, activationEvent: '*'
[2022-05-24 10:31:07.015] [exthost] [info] ExtensionService#_doActivateExtension vscode.github, startup: true, activationEvent: '*'
[2022-05-24 10:31:07.039] [exthost] [info] ExtensionService#_doActivateExtension vscode.markdown-math, startup: false, activationEvent: 'api', root cause: vscode.markdown-language-features
[2022-05-24 10:31:07.122] [exthost] [info] ExtensionService#_doActivateExtension vscode.github-authentication, startup: false, activationEvent: 'onAuthenticationRequest:github'
[2022-05-24 10:31:07.145] [exthost] [info] Eager extensions activated
[2022-05-24 10:31:07.179] [exthost] [info] ExtensionService#_doActivateExtension vscode.emmet, startup: false, activationEvent: 'onStartupFinished'
[2022-05-24 10:31:07.188] [exthost] [info] ExtensionService#_doActivateExtension vscode.merge-conflict, startup: false, activationEvent: 'onStartupFinished'
[2022-05-24 10:32:03.965] [exthost] [warning] TextEditor is closed/disposed
[2022-05-24 10:32:03.965] [exthost] [warning] TextEditor is closed/disposed
[2022-05-24 10:32:03.972] [exthost] [warning] ExtHostTextEditorOptions 'setCursorStyle' failed:'
[2022-05-24 10:32:03.972] [exthost] [warning] {"name":"DISPOSED","message":"TextEditor(vs.editor.ICodeEditor:1,$model3) has been disposed"}
[2022-05-24 10:32:05.811] [exthost] [warning] TextEditor is closed/disposed
[2022-05-24 10:32:05.811] [exthost] [warning] TextEditor is closed/disposed
[2022-05-24 10:32:05.845] [exthost] [warning] ExtHostTextEditorOptions 'setCursorStyle' failed:'
[2022-05-24 10:32:05.845] [exthost] [warning] {"name":"DISPOSED","message":"TextEditor(vs.editor.ICodeEditor:1,$model1) has been disposed"}
[2022-05-24 10:32:06.833] [exthost] [warning] TextEditor is closed/disposed
[2022-05-24 10:32:06.833] [exthost] [warning] TextEditor is closed/disposed
[2022-05-24 10:32:06.837] [exthost] [warning] ExtHostTextEditorOptions 'setCursorStyle' failed:'
[2022-05-24 10:32:06.837] [exthost] [warning] {"name":"DISPOSED","message":"TextEditor(vs.editor.ICodeEditor:1,$model6) has been disposed"}
[2022-05-24 10:32:08.117] [exthost] [info] Extension host terminating: renderer closed the socket
[2022-05-24 10:32:08.393] [exthost] [error] TypeError: Converting circular structure to JSON
    --> starting at object with constructor 't'
    |     property '_readableState' -> object with constructor 'M'
    |     property 'pipes' -> object with constructor 'Array'
    |     index 0 -> object with constructor 't.ConsoleForElectron'
    --- property 'parent' closes the circle
    at JSON.stringify (<anonymous>)
    at async (/home/jay/.vscode/extensions/vscodevim.vim-1.22.2/src/register/register.ts:357:16)
    at Object.e.deactivate (/home/jay/.vscode/extensions/vscodevim.vim-1.22.2/extension.ts:64:8)
    at async Promise.all (index 13)
    at m._deactivateAll (/usr/share/code/resources/app/out/vs/workbench/api/node/extensionHostProcess.js:88:10665)
[2022-05-24 10:32:08.393] [exthost] [info] Extension host with pid 8886 exiting with code 0
